
> frontend@0.1.0 dev
> next dev

▲ Next.js 16.2.1 (Turbopack)
- Local:         http://localhost:3000
- Network:       http://172.20.10.3:3000
✓ Ready in 389ms

 GET / 200 in 3.1s (next.js: 2.9s, application-code: 154ms)
Error: Route "/library" used `searchParams.chapter`. `searchParams` is a Promise and must be unwrapped with `await` or `React.use()` before accessing its properties. Learn more: https://nextjs.org/docs/messages/sync-dynamic-apis
    at LibraryPage (src/app/library/page.tsx:7:40)
   5 | export default function LibraryPage({ searchParams }: { searchParams: { chapter?: string }...
   6 |   const data = getGeetaData();
>  7 |   const selectedChapter = searchParams.chapter ? parseInt(searchParams.chapter, 10) : 1;
     |                                        ^
   8 |   const chapterVerses = data.filter(v => v.chapter === selectedChapter);
   9 |
  10 |   return (
 GET /library 200 in 876ms (next.js: 382ms, application-code: 494ms)
 GET / 200 in 148ms (next.js: 16ms, application-code: 131ms)
○ Compiling /chat ...
 GET /chat 200 in 5.7s (next.js: 5.5s, application-code: 144ms)
[browser] THREE.THREE.Clock: This module has been deprecated. Please use THREE.Timer instead.
✓ Compiled in 735ms
 GET /chat 200 in 300ms (next.js: 193ms, application-code: 107ms)
 GET /chat 200 in 96ms (next.js: 4ms, application-code: 92ms)
 GET /chat 200 in 109ms (next.js: 5ms, application-code: 104ms)
 GET /chat 200 in 112ms (next.js: 5ms, application-code: 107ms)
 GET /chat 200 in 96ms (next.js: 4ms, application-code: 92ms)
 GET /chat 200 in 85ms (next.js: 6ms, application-code: 79ms)
 GET /chat 200 in 77ms (next.js: 3ms, application-code: 74ms)
 GET /chat 200 in 56ms (next.js: 3ms, application-code: 53ms)
 GET /chat 200 in 26ms (next.js: 3ms, application-code: 23ms)
 GET /chat 200 in 194ms (next.js: 22ms, application-code: 172ms)
✓ Compiled in 93ms
✓ Compiled in 54ms
 GET /chat 200 in 86ms (next.js: 24ms, application-code: 62ms)
 GET / 200 in 50ms (next.js: 27ms, application-code: 23ms)
Error: Route "/library" used `searchParams.chapter`. `searchParams` is a Promise and must be unwrapped with `await` or `React.use()` before accessing its properties. Learn more: https://nextjs.org/docs/messages/sync-dynamic-apis
    at LibraryPage (src/app/library/page.tsx:7:40)
   5 | export default function LibraryPage({ searchParams }: { searchParams: { chapter?: string }...
   6 |   const data = getGeetaData();
>  7 |   const selectedChapter = searchParams.chapter ? parseInt(searchParams.chapter, 10) : 1;
     |                                        ^
   8 |   const chapterVerses = data.filter(v => v.chapter === selectedChapter);
   9 |
  10 |   return (
 GET /library 200 in 928ms (next.js: 36ms, application-code: 892ms)
Error: Route "/library" used `searchParams.chapter`. `searchParams` is a Promise and must be unwrapped with `await` or `React.use()` before accessing its properties. Learn more: https://nextjs.org/docs/messages/sync-dynamic-apis
    at LibraryPage (src/app/library/page.tsx:7:40)
   5 | export default function LibraryPage({ searchParams }: { searchParams: { chapter?: string }...
   6 |   const data = getGeetaData();
>  7 |   const selectedChapter = searchParams.chapter ? parseInt(searchParams.chapter, 10) : 1;
     |                                        ^
   8 |   const chapterVerses = data.filter(v => v.chapter === selectedChapter);
   9 |
  10 |   return (
 GET /library?chapter=5 200 in 305ms (next.js: 6ms, application-code: 300ms)
 GET / 200 in 115ms (next.js: 9ms, application-code: 107ms)
 GET / 200 in 82ms (next.js: 4ms, application-code: 77ms)
✓ Compiled in 122ms
 GET /chat 200 in 109ms (next.js: 24ms, application-code: 85ms)
 GET /chat 200 in 72ms (next.js: 11ms, application-code: 61ms)
 GET /chat 200 in 540ms (next.js: 29ms, application-code: 511ms)
 GET /chat 200 in 926ms (next.js: 400ms, application-code: 527ms)
 GET /chat 200 in 76ms (next.js: 11ms, application-code: 65ms)
 GET /chat 200 in 890ms (next.js: 90ms, application-code: 800ms)
[?25h
